<?xml version='1.0' encoding='UTF-8' ?>
<testsuite tests="0" failures="0" errors="0" time="0.0" timestamp="2014-06-18T22:31:09" hostname="localhost">
  <properties device="Nexus 7 - 4.4.2" flavor="" project="app" />
</testsuite>